<?xml version="1.0" encoding="UTF-8"?>
<robot generator="Robot 7.0 (Python 3.11.4 on win32)" generated="2024-04-19T09:30:43.201899" rpa="false" schemaversion="5">
<suite id="s1" name="browseProducts" source="C:\nextjs-practice\ecommerce\tests\browseProducts\browseProducts.robot">
<test id="s1-t1" name="Product Search Success" line="5">
<kw name="Open Browser" owner="SeleniumLibrary">
<msg time="2024-04-19T09:30:43.831531" level="INFO">Opening browser 'Chrome' to base url 'http://localhost:3000/home?user=pansaar1553'.</msg>
<arg>http://localhost:3000/home?user=pansaar1553</arg>
<arg>Chrome</arg>
<doc>Opens a new browser instance to the optional ``url``.</doc>
<status status="PASS" start="2024-04-19T09:30:43.824529" elapsed="6.986180"/>
</kw>
<kw name="Wait Until Element Is Visible" owner="SeleniumLibrary">
<arg>id=browseProducts</arg>
<doc>Waits until the element ``locator`` is visible.</doc>
<status status="PASS" start="2024-04-19T09:30:50.811684" elapsed="0.112003"/>
</kw>
<kw name="Click Element" owner="SeleniumLibrary">
<msg time="2024-04-19T09:30:50.924686" level="INFO">Clicking element 'id=browseProducts'.</msg>
<arg>id=browseProducts</arg>
<doc>Click the element identified by ``locator``.</doc>
<status status="PASS" start="2024-04-19T09:30:50.924686" elapsed="0.125998"/>
</kw>
<kw name="Input Text" owner="SeleniumLibrary">
<msg time="2024-04-19T09:30:51.051682" level="INFO">Typing text 'I' into text field 'id=browseProducts'.</msg>
<arg>id=browseProducts</arg>
<arg>I</arg>
<doc>Types the given ``text`` into the text field identified by ``locator``.</doc>
<status status="PASS" start="2024-04-19T09:30:51.051682" elapsed="0.132545"/>
</kw>
<kw name="Click Element" owner="SeleniumLibrary">
<msg time="2024-04-19T09:30:51.185215" level="INFO">Clicking element 'id=search'.</msg>
<arg>id=search</arg>
<doc>Click the element identified by ``locator``.</doc>
<status status="PASS" start="2024-04-19T09:30:51.185215" elapsed="0.100040"/>
</kw>
<kw name="Sleep" owner="BuiltIn">
<msg time="2024-04-19T09:31:06.286375" level="INFO">Slept 15 seconds.</msg>
<arg>15s</arg>
<doc>Pauses the test executed for the given time.</doc>
<status status="PASS" start="2024-04-19T09:30:51.286257" elapsed="15.000118"/>
</kw>
<kw name="Page Should Contain" owner="SeleniumLibrary">
<msg time="2024-04-19T09:31:06.325382" level="INFO">Current page contains text 'Iphone by Pansaar'.</msg>
<arg>Iphone by Pansaar</arg>
<doc>Verifies that current page contains ``text``.</doc>
<status status="PASS" start="2024-04-19T09:31:06.287384" elapsed="0.037998"/>
</kw>
<status status="PASS" start="2024-04-19T09:30:43.794998" elapsed="22.531388"/>
</test>
<status status="PASS" start="2024-04-19T09:30:43.205474" elapsed="23.122928"/>
</suite>
<statistics>
<total>
<stat pass="1" fail="0" skip="0">All Tests</stat>
</total>
<tag>
</tag>
<suite>
<stat pass="1" fail="0" skip="0" id="s1" name="browseProducts">browseProducts</stat>
</suite>
</statistics>
<errors>
</errors>
</robot>
