<?xml version="1.0" encoding="UTF-8"?>
<robot generator="Robot 7.0 (Python 3.11.4 on win32)" generated="2024-04-11T21:51:02.548832" rpa="false" schemaversion="5">
<suite id="s1" name="productView" source="C:\nextjs-practice\ecommerce\tests\productView\productView.robot">
<test id="s1-t1" name="View Product while Switching Category" line="16">
<kw name="Open Browser" owner="SeleniumLibrary">
<msg time="2024-04-11T21:51:03.032403" level="INFO">Opening browser 'Chrome' to base url 'http://localhost:3000/home?user=pansaar1553'.</msg>
<arg>http://localhost:3000/home?user=pansaar1553</arg>
<arg>Chrome</arg>
<doc>Opens a new browser instance to the optional ``url``.</doc>
<status status="PASS" start="2024-04-11T21:51:03.030393" elapsed="6.963440"/>
</kw>
<kw name="Wait Until Element Is Visible" owner="SeleniumLibrary">
<arg>id=electronics</arg>
<doc>Waits until the element ``locator`` is visible.</doc>
<status status="PASS" start="2024-04-11T21:51:09.995832" elapsed="0.352086"/>
</kw>
<kw name="Click Element" owner="SeleniumLibrary">
<msg time="2024-04-11T21:51:10.348918" level="INFO">Clicking element 'id=electronics'.</msg>
<arg>id=electronics</arg>
<doc>Click the element identified by ``locator``.</doc>
<status status="PASS" start="2024-04-11T21:51:10.348918" elapsed="0.105999"/>
</kw>
<kw name="Wait Until Element Is Visible" owner="SeleniumLibrary">
<arg>id=prodContainer0</arg>
<arg>timeout=20s</arg>
<doc>Waits until the element ``locator`` is visible.</doc>
<status status="PASS" start="2024-04-11T21:51:10.455918" elapsed="2.493479"/>
</kw>
<kw name="Sleep" owner="BuiltIn">
<msg time="2024-04-11T21:51:13.950798" level="INFO">Slept 1 second.</msg>
<arg>1 second</arg>
<doc>Pauses the test executed for the given time.</doc>
<status status="PASS" start="2024-04-11T21:51:12.950397" elapsed="1.000401"/>
</kw>
<kw name="Click Element" owner="SeleniumLibrary">
<msg time="2024-04-11T21:51:13.952817" level="INFO">Clicking element 'id=prodContainer0'.</msg>
<arg>id=prodContainer0</arg>
<doc>Click the element identified by ``locator``.</doc>
<status status="PASS" start="2024-04-11T21:51:13.951827" elapsed="0.086159"/>
</kw>
<kw name="Wait Until Element Is Visible" owner="SeleniumLibrary">
<msg time="2024-04-11T21:51:34.538923" level="INFO" html="true">&lt;/td&gt;&lt;/tr&gt;&lt;tr&gt;&lt;td colspan="3"&gt;&lt;a href="selenium-screenshot-1.png"&gt;&lt;img src="selenium-screenshot-1.png" width="800px"&gt;&lt;/a&gt;</msg>
<msg time="2024-04-11T21:51:34.538923" level="FAIL">Element 'id=editAmount' not visible after 20 seconds.</msg>
<arg>id=editAmount</arg>
<arg>timeout=20s</arg>
<doc>Waits until the element ``locator`` is visible.</doc>
<status status="FAIL" start="2024-04-11T21:51:14.038984" elapsed="20.504929">Element 'id=editAmount' not visible after 20 seconds.</status>
</kw>
<kw name="Sleep" owner="BuiltIn">
<arg>10 seconds</arg>
<doc>Pauses the test executed for the given time.</doc>
<status status="NOT RUN" start="2024-04-11T21:51:34.544913" elapsed="0.000000"/>
</kw>
<doc>[Documentation]    View Product while Switching Category</doc>
<status status="FAIL" start="2024-04-11T21:51:03.026391" elapsed="31.519524">Element 'id=editAmount' not visible after 20 seconds.</status>
</test>
<status status="FAIL" start="2024-04-11T21:51:02.556830" elapsed="31.991087"/>
</suite>
<statistics>
<total>
<stat pass="0" fail="1" skip="0">All Tests</stat>
</total>
<tag>
</tag>
<suite>
<stat pass="0" fail="1" skip="0" id="s1" name="productView">productView</stat>
</suite>
</statistics>
<errors>
</errors>
</robot>
